2012-11-24 23:51:02,501 [pool-7-thread-1] ERROR StackTrace  - Full Stack Trace:
groovy.lang.MissingPropertyException: No such property: testUser for class: BootStrap
	at org.codehaus.groovy.runtime.ScriptBytecodeAdapter.unwrap(ScriptBytecodeAdapter.java:50)
	at org.codehaus.groovy.runtime.callsite.PogoGetPropertySite.getProperty(PogoGetPropertySite.java:49)
	at org.codehaus.groovy.runtime.callsite.AbstractCallSite.callGroovyObjectGetProperty(AbstractCallSite.java:231)
	at BootStrap$_closure1.doCall(BootStrap.groovy:16)
	at sun.reflect.NativeMethodAccessorImpl.invoke0(Native Method)
	at sun.reflect.NativeMethodAccessorImpl.invoke(NativeMethodAccessorImpl.java:39)
	at sun.reflect.DelegatingMethodAccessorImpl.invoke(DelegatingMethodAccessorImpl.java:25)
	at java.lang.reflect.Method.invoke(Method.java:597)
	at com.springsource.loaded.ri.ReflectiveInterceptor.jlrMethodInvoke(ReflectiveInterceptor.java:1231)
	at org.codehaus.groovy.reflection.CachedMethod.invoke(CachedMethod.java:90)
	at groovy.lang.MetaMethod.doMethodInvoke(MetaMethod.java:233)
	at groovy.lang.MetaClassImpl.invokeMethod(MetaClassImpl.java:1047)
	at groovy.lang.ExpandoMetaClass.invokeMethod(ExpandoMetaClass.java:1110)
	at groovy.lang.MetaClassImpl.invokeMethod(MetaClassImpl.java:877)
	at groovy.lang.MetaClassImpl.invokeMethod(MetaClassImpl.java:921)
	at groovy.lang.ExpandoMetaClass.invokeMethod(ExpandoMetaClass.java:1110)
	at groovy.lang.MetaClassImpl.invokeMethod(MetaClassImpl.java:877)
	at groovy.lang.Closure.call(Closure.java:412)
	at groovy.lang.Closure.call(Closure.java:406)
	at grails.util.Environment.evaluateEnvironmentSpecificBlock(Environment.java:301)
	at grails.util.Environment.executeForEnvironment(Environment.java:294)
	at grails.util.Environment.executeForCurrentEnvironment(Environment.java:270)
	at org.codehaus.groovy.grails.commons.DefaultGrailsBootstrapClass.callInit(DefaultGrailsBootstrapClass.java:60)
	at org.codehaus.groovy.grails.web.context.GrailsConfigUtils.executeGrailsBootstraps(GrailsConfigUtils.java:74)
	at org.codehaus.groovy.grails.web.context.GrailsContextLoader.initWebApplicationContext(GrailsContextLoader.java:105)
	at org.springframework.web.context.ContextLoaderListener.contextInitialized(ContextLoaderListener.java:111)
	at org.apache.catalina.core.StandardContext.listenerStart(StandardContext.java:4779)
	at org.apache.catalina.core.StandardContext.startInternal(StandardContext.java:5273)
	at org.apache.catalina.util.LifecycleBase.start(LifecycleBase.java:150)
	at org.apache.catalina.core.ContainerBase$StartChild.call(ContainerBase.java:1566)
	at org.apache.catalina.core.ContainerBase$StartChild.call(ContainerBase.java:1556)
	at java.util.concurrent.FutureTask$Sync.innerRun(FutureTask.java:303)
	at java.util.concurrent.FutureTask.run(FutureTask.java:138)
	at java.util.concurrent.ThreadPoolExecutor$Worker.runTask(ThreadPoolExecutor.java:886)
	at java.util.concurrent.ThreadPoolExecutor$Worker.run(ThreadPoolExecutor.java:908)
	at java.lang.Thread.run(Thread.java:662)
2012-11-24 23:51:02,511 [pool-7-thread-1] ERROR StackTrace  - Full Stack Trace:
groovy.lang.MissingPropertyException: No such property: testUser for class: BootStrap
	at BootStrap$_closure1.doCall(BootStrap.groovy:16)
	at grails.util.Environment.evaluateEnvironmentSpecificBlock(Environment.java:301)
	at grails.util.Environment.executeForEnvironment(Environment.java:294)
	at grails.util.Environment.executeForCurrentEnvironment(Environment.java:270)
	at java.util.concurrent.FutureTask$Sync.innerRun(FutureTask.java:303)
	at java.util.concurrent.FutureTask.run(FutureTask.java:138)
	at java.util.concurrent.ThreadPoolExecutor$Worker.runTask(ThreadPoolExecutor.java:886)
	at java.util.concurrent.ThreadPoolExecutor$Worker.run(ThreadPoolExecutor.java:908)
	at java.lang.Thread.run(Thread.java:662)
2012-11-24 23:51:02,513 [pool-7-thread-1] ERROR StackTrace  - Full Stack Trace:
groovy.lang.MissingPropertyException: No such property: testUser for class: BootStrap
	at BootStrap$_closure1.doCall(BootStrap.groovy:16)
	at grails.util.Environment.evaluateEnvironmentSpecificBlock(Environment.java:301)
	at grails.util.Environment.executeForEnvironment(Environment.java:294)
	at grails.util.Environment.executeForCurrentEnvironment(Environment.java:270)
	at java.util.concurrent.FutureTask$Sync.innerRun(FutureTask.java:303)
	at java.util.concurrent.FutureTask.run(FutureTask.java:138)
	at java.util.concurrent.ThreadPoolExecutor$Worker.runTask(ThreadPoolExecutor.java:886)
	at java.util.concurrent.ThreadPoolExecutor$Worker.run(ThreadPoolExecutor.java:908)
	at java.lang.Thread.run(Thread.java:662)
2012-11-24 23:51:02,513 [pool-7-thread-1] ERROR StackTrace  - Full Stack Trace:
groovy.lang.MissingPropertyException: No such property: testUser for class: BootStrap
	at BootStrap$_closure1.doCall(BootStrap.groovy:16)
	at grails.util.Environment.evaluateEnvironmentSpecificBlock(Environment.java:301)
	at grails.util.Environment.executeForEnvironment(Environment.java:294)
	at grails.util.Environment.executeForCurrentEnvironment(Environment.java:270)
	at java.util.concurrent.FutureTask$Sync.innerRun(FutureTask.java:303)
	at java.util.concurrent.FutureTask.run(FutureTask.java:138)
	at java.util.concurrent.ThreadPoolExecutor$Worker.runTask(ThreadPoolExecutor.java:886)
	at java.util.concurrent.ThreadPoolExecutor$Worker.run(ThreadPoolExecutor.java:908)
	at java.lang.Thread.run(Thread.java:662)
2012-11-25 00:44:34,924 [pool-7-thread-1] ERROR StackTrace  - Full Stack Trace:
org.codehaus.groovy.runtime.InvokerInvocationException: groovy.lang.MissingMethodException: No signature of method: ar.edu.unlam.tallerweb2.biblioteca.UserRole.create() is applicable for argument types: (ar.edu.unlam.tallerweb2.biblioteca.User, java.lang.Class, java.lang.Boolean) values: [ar.edu.unlam.tallerweb2.biblioteca.User : 2, ...]
Possible solutions: create(), create(ar.edu.unlam.tallerweb2.biblioteca.User, ar.edu.unlam.tallerweb2.biblioteca.Role, boolean), create(ar.edu.unlam.tallerweb2.biblioteca.User, ar.edu.unlam.tallerweb2.biblioteca.Role), merge(), count(), delete()
	at org.codehaus.groovy.reflection.CachedMethod.invoke(CachedMethod.java:97)
	at groovy.lang.MetaMethod.doMethodInvoke(MetaMethod.java:233)
	at groovy.lang.MetaClassImpl.invokeMethod(MetaClassImpl.java:1047)
	at groovy.lang.ExpandoMetaClass.invokeMethod(ExpandoMetaClass.java:1110)
	at groovy.lang.MetaClassImpl.invokeMethod(MetaClassImpl.java:877)
	at groovy.lang.MetaClassImpl.invokeMethod(MetaClassImpl.java:921)
	at groovy.lang.ExpandoMetaClass.invokeMethod(ExpandoMetaClass.java:1110)
	at groovy.lang.MetaClassImpl.invokeMethod(MetaClassImpl.java:877)
	at groovy.lang.Closure.call(Closure.java:412)
	at groovy.lang.Closure.call(Closure.java:406)
	at grails.util.Environment.evaluateEnvironmentSpecificBlock(Environment.java:301)
	at grails.util.Environment.executeForEnvironment(Environment.java:294)
	at grails.util.Environment.executeForCurrentEnvironment(Environment.java:270)
	at org.codehaus.groovy.grails.commons.DefaultGrailsBootstrapClass.callInit(DefaultGrailsBootstrapClass.java:60)
	at org.codehaus.groovy.grails.web.context.GrailsConfigUtils.executeGrailsBootstraps(GrailsConfigUtils.java:74)
	at org.codehaus.groovy.grails.web.context.GrailsContextLoader.initWebApplicationContext(GrailsContextLoader.java:105)
	at org.springframework.web.context.ContextLoaderListener.contextInitialized(ContextLoaderListener.java:111)
	at org.apache.catalina.core.StandardContext.listenerStart(StandardContext.java:4779)
	at org.apache.catalina.core.StandardContext.startInternal(StandardContext.java:5273)
	at org.apache.catalina.util.LifecycleBase.start(LifecycleBase.java:150)
	at org.apache.catalina.core.ContainerBase$StartChild.call(ContainerBase.java:1566)
	at org.apache.catalina.core.ContainerBase$StartChild.call(ContainerBase.java:1556)
	at java.util.concurrent.FutureTask$Sync.innerRun(FutureTask.java:303)
	at java.util.concurrent.FutureTask.run(FutureTask.java:138)
	at java.util.concurrent.ThreadPoolExecutor$Worker.runTask(ThreadPoolExecutor.java:886)
	at java.util.concurrent.ThreadPoolExecutor$Worker.run(ThreadPoolExecutor.java:908)
	at java.lang.Thread.run(Thread.java:662)
Caused by: groovy.lang.MissingMethodException: No signature of method: ar.edu.unlam.tallerweb2.biblioteca.UserRole.create() is applicable for argument types: (ar.edu.unlam.tallerweb2.biblioteca.User, java.lang.Class, java.lang.Boolean) values: [ar.edu.unlam.tallerweb2.biblioteca.User : 2, ...]
Possible solutions: create(), create(ar.edu.unlam.tallerweb2.biblioteca.User, ar.edu.unlam.tallerweb2.biblioteca.Role, boolean), create(ar.edu.unlam.tallerweb2.biblioteca.User, ar.edu.unlam.tallerweb2.biblioteca.Role), merge(), count(), delete()
	at sun.reflect.NativeConstructorAccessorImpl.newInstance0(Native Method)
	at sun.reflect.NativeConstructorAccessorImpl.newInstance(NativeConstructorAccessorImpl.java:39)
	at sun.reflect.DelegatingConstructorAccessorImpl.newInstance(DelegatingConstructorAccessorImpl.java:27)
	at java.lang.reflect.Constructor.newInstance(Constructor.java:513)
	at com.springsource.loaded.ri.ReflectiveInterceptor.jlrConstructorNewInstance(ReflectiveInterceptor.java:963)
	at org.codehaus.groovy.reflection.CachedConstructor.invoke(CachedConstructor.java:77)
	at org.codehaus.groovy.runtime.callsite.ConstructorSite$ConstructorSiteNoUnwrapNoCoerce.callConstructor(ConstructorSite.java:102)
	at org.codehaus.groovy.runtime.callsite.CallSiteArray.defaultCallConstructor(CallSiteArray.java:54)
	at org.codehaus.groovy.runtime.callsite.AbstractCallSite.callConstructor(AbstractCallSite.java:182)
	at org.codehaus.groovy.runtime.callsite.AbstractCallSite.callConstructor(AbstractCallSite.java:198)
	at org.grails.datastore.gorm.GormStaticApi.methodMissing(GormStaticApi.groovy:97)
	at ar.edu.unlam.tallerweb2.biblioteca.UserRole.$static_methodMissing(UserRole.groovy)
	at sun.reflect.NativeMethodAccessorImpl.invoke0(Native Method)
	at sun.reflect.NativeMethodAccessorImpl.invoke(NativeMethodAccessorImpl.java:39)
	at sun.reflect.DelegatingMethodAccessorImpl.invoke(DelegatingMethodAccessorImpl.java:25)
	at java.lang.reflect.Method.invoke(Method.java:597)
	at com.springsource.loaded.ri.ReflectiveInterceptor.jlrMethodInvoke(ReflectiveInterceptor.java:1231)
	at org.codehaus.groovy.reflection.CachedMethod.invoke(CachedMethod.java:90)
	at groovy.lang.MetaClassImpl.invokeStaticMissingMethod(MetaClassImpl.java:1333)
	at groovy.lang.MetaClassImpl.invokeStaticMethod(MetaClassImpl.java:1321)
	at groovy.lang.ExpandoMetaClass.invokeStaticMethod(ExpandoMetaClass.java:1123)
	at org.codehaus.groovy.runtime.callsite.StaticMetaClassSite.call(StaticMetaClassSite.java:50)
	at org.codehaus.groovy.runtime.callsite.CallSiteArray.defaultCall(CallSiteArray.java:42)
	at org.codehaus.groovy.runtime.callsite.AbstractCallSite.call(AbstractCallSite.java:108)
	at org.codehaus.groovy.runtime.callsite.AbstractCallSite.call(AbstractCallSite.java:124)
	at BootStrap$_closure1.doCall(BootStrap.groovy:21)
	at sun.reflect.NativeMethodAccessorImpl.invoke0(Native Method)
	at sun.reflect.NativeMethodAccessorImpl.invoke(NativeMethodAccessorImpl.java:39)
	at sun.reflect.DelegatingMethodAccessorImpl.invoke(DelegatingMethodAccessorImpl.java:25)
	at java.lang.reflect.Method.invoke(Method.java:597)
	at com.springsource.loaded.ri.ReflectiveInterceptor.jlrMethodInvoke(ReflectiveInterceptor.java:1231)
	at org.codehaus.groovy.reflection.CachedMethod.invoke(CachedMethod.java:90)
	... 26 more
2012-11-25 00:44:34,964 [pool-7-thread-1] ERROR StackTrace  - Full Stack Trace:
groovy.lang.MissingMethodException: No signature of method: ar.edu.unlam.tallerweb2.biblioteca.UserRole.create() is applicable for argument types: (ar.edu.unlam.tallerweb2.biblioteca.User, java.lang.Class, java.lang.Boolean) values: [ar.edu.unlam.tallerweb2.biblioteca.User : 2, ...]
Possible solutions: create(), create(ar.edu.unlam.tallerweb2.biblioteca.User, ar.edu.unlam.tallerweb2.biblioteca.Role, boolean), create(ar.edu.unlam.tallerweb2.biblioteca.User, ar.edu.unlam.tallerweb2.biblioteca.Role), merge(), count(), delete()
	at sun.reflect.NativeConstructorAccessorImpl.newInstance0(Native Method)
	at sun.reflect.NativeConstructorAccessorImpl.newInstance(NativeConstructorAccessorImpl.java:39)
	at sun.reflect.DelegatingConstructorAccessorImpl.newInstance(DelegatingConstructorAccessorImpl.java:27)
	at java.lang.reflect.Constructor.newInstance(Constructor.java:513)
	at com.springsource.loaded.ri.ReflectiveInterceptor.jlrConstructorNewInstance(ReflectiveInterceptor.java:963)
	at org.codehaus.groovy.reflection.CachedConstructor.invoke(CachedConstructor.java:77)
	at org.codehaus.groovy.runtime.callsite.ConstructorSite$ConstructorSiteNoUnwrapNoCoerce.callConstructor(ConstructorSite.java:102)
	at org.codehaus.groovy.runtime.callsite.CallSiteArray.defaultCallConstructor(CallSiteArray.java:54)
	at org.codehaus.groovy.runtime.callsite.AbstractCallSite.callConstructor(AbstractCallSite.java:182)
	at org.codehaus.groovy.runtime.callsite.AbstractCallSite.callConstructor(AbstractCallSite.java:198)
	at org.grails.datastore.gorm.GormStaticApi.methodMissing(GormStaticApi.groovy:97)
	at ar.edu.unlam.tallerweb2.biblioteca.UserRole.$static_methodMissing(UserRole.groovy)
	at sun.reflect.NativeMethodAccessorImpl.invoke0(Native Method)
	at sun.reflect.NativeMethodAccessorImpl.invoke(NativeMethodAccessorImpl.java:39)
	at sun.reflect.DelegatingMethodAccessorImpl.invoke(DelegatingMethodAccessorImpl.java:25)
	at java.lang.reflect.Method.invoke(Method.java:597)
	at com.springsource.loaded.ri.ReflectiveInterceptor.jlrMethodInvoke(ReflectiveInterceptor.java:1231)
	at org.codehaus.groovy.reflection.CachedMethod.invoke(CachedMethod.java:90)
	at groovy.lang.MetaClassImpl.invokeStaticMissingMethod(MetaClassImpl.java:1333)
	at groovy.lang.MetaClassImpl.invokeStaticMethod(MetaClassImpl.java:1321)
	at groovy.lang.ExpandoMetaClass.invokeStaticMethod(ExpandoMetaClass.java:1123)
	at org.codehaus.groovy.runtime.callsite.StaticMetaClassSite.call(StaticMetaClassSite.java:50)
	at org.codehaus.groovy.runtime.callsite.CallSiteArray.defaultCall(CallSiteArray.java:42)
	at org.codehaus.groovy.runtime.callsite.AbstractCallSite.call(AbstractCallSite.java:108)
	at org.codehaus.groovy.runtime.callsite.AbstractCallSite.call(AbstractCallSite.java:124)
	at BootStrap$_closure1.doCall(BootStrap.groovy:21)
	at sun.reflect.NativeMethodAccessorImpl.invoke0(Native Method)
	at sun.reflect.NativeMethodAccessorImpl.invoke(NativeMethodAccessorImpl.java:39)
	at sun.reflect.DelegatingMethodAccessorImpl.invoke(DelegatingMethodAccessorImpl.java:25)
	at java.lang.reflect.Method.invoke(Method.java:597)
	at com.springsource.loaded.ri.ReflectiveInterceptor.jlrMethodInvoke(ReflectiveInterceptor.java:1231)
	at org.codehaus.groovy.reflection.CachedMethod.invoke(CachedMethod.java:90)
	at groovy.lang.MetaMethod.doMethodInvoke(MetaMethod.java:233)
	at groovy.lang.MetaClassImpl.invokeMethod(MetaClassImpl.java:1047)
	at groovy.lang.ExpandoMetaClass.invokeMethod(ExpandoMetaClass.java:1110)
	at groovy.lang.MetaClassImpl.invokeMethod(MetaClassImpl.java:877)
	at groovy.lang.MetaClassImpl.invokeMethod(MetaClassImpl.java:921)
	at groovy.lang.ExpandoMetaClass.invokeMethod(ExpandoMetaClass.java:1110)
	at groovy.lang.MetaClassImpl.invokeMethod(MetaClassImpl.java:877)
	at groovy.lang.Closure.call(Closure.java:412)
	at groovy.lang.Closure.call(Closure.java:406)
	at grails.util.Environment.evaluateEnvironmentSpecificBlock(Environment.java:301)
	at grails.util.Environment.executeForEnvironment(Environment.java:294)
	at grails.util.Environment.executeForCurrentEnvironment(Environment.java:270)
	at org.codehaus.groovy.grails.commons.DefaultGrailsBootstrapClass.callInit(DefaultGrailsBootstrapClass.java:60)
	at org.codehaus.groovy.grails.web.context.GrailsConfigUtils.executeGrailsBootstraps(GrailsConfigUtils.java:74)
	at org.codehaus.groovy.grails.web.context.GrailsContextLoader.initWebApplicationContext(GrailsContextLoader.java:105)
	at org.springframework.web.context.ContextLoaderListener.contextInitialized(ContextLoaderListener.java:111)
	at org.apache.catalina.core.StandardContext.listenerStart(StandardContext.java:4779)
	at org.apache.catalina.core.StandardContext.startInternal(StandardContext.java:5273)
	at org.apache.catalina.util.LifecycleBase.start(LifecycleBase.java:150)
	at org.apache.catalina.core.ContainerBase$StartChild.call(ContainerBase.java:1566)
	at org.apache.catalina.core.ContainerBase$StartChild.call(ContainerBase.java:1556)
	at java.util.concurrent.FutureTask$Sync.innerRun(FutureTask.java:303)
	at java.util.concurrent.FutureTask.run(FutureTask.java:138)
	at java.util.concurrent.ThreadPoolExecutor$Worker.runTask(ThreadPoolExecutor.java:886)
	at java.util.concurrent.ThreadPoolExecutor$Worker.run(ThreadPoolExecutor.java:908)
	at java.lang.Thread.run(Thread.java:662)
2012-11-25 00:44:34,979 [pool-7-thread-1] ERROR StackTrace  - Full Stack Trace:
org.codehaus.groovy.runtime.InvokerInvocationException: groovy.lang.MissingMethodException: No signature of method: ar.edu.unlam.tallerweb2.biblioteca.UserRole.create() is applicable for argument types: (ar.edu.unlam.tallerweb2.biblioteca.User, java.lang.Class, java.lang.Boolean) values: [ar.edu.unlam.tallerweb2.biblioteca.User : 2, ...]
Possible solutions: create(), create(ar.edu.unlam.tallerweb2.biblioteca.User, ar.edu.unlam.tallerweb2.biblioteca.Role, boolean), create(ar.edu.unlam.tallerweb2.biblioteca.User, ar.edu.unlam.tallerweb2.biblioteca.Role), merge(), count(), delete()
	at grails.util.Environment.evaluateEnvironmentSpecificBlock(Environment.java:301)
	at grails.util.Environment.executeForEnvironment(Environment.java:294)
	at grails.util.Environment.executeForCurrentEnvironment(Environment.java:270)
	at java.util.concurrent.FutureTask$Sync.innerRun(FutureTask.java:303)
	at java.util.concurrent.FutureTask.run(FutureTask.java:138)
	at java.util.concurrent.ThreadPoolExecutor$Worker.runTask(ThreadPoolExecutor.java:886)
	at java.util.concurrent.ThreadPoolExecutor$Worker.run(ThreadPoolExecutor.java:908)
	at java.lang.Thread.run(Thread.java:662)
Caused by: groovy.lang.MissingMethodException: No signature of method: ar.edu.unlam.tallerweb2.biblioteca.UserRole.create() is applicable for argument types: (ar.edu.unlam.tallerweb2.biblioteca.User, java.lang.Class, java.lang.Boolean) values: [ar.edu.unlam.tallerweb2.biblioteca.User : 2, ...]
Possible solutions: create(), create(ar.edu.unlam.tallerweb2.biblioteca.User, ar.edu.unlam.tallerweb2.biblioteca.Role, boolean), create(ar.edu.unlam.tallerweb2.biblioteca.User, ar.edu.unlam.tallerweb2.biblioteca.Role), merge(), count(), delete()
	at org.grails.datastore.gorm.GormStaticApi.methodMissing(GormStaticApi.groovy:97)
	at BootStrap$_closure1.doCall(BootStrap.groovy:21)
	... 8 more
2012-11-25 00:44:34,998 [pool-7-thread-1] ERROR StackTrace  - Full Stack Trace:
org.codehaus.groovy.runtime.InvokerInvocationException: groovy.lang.MissingMethodException: No signature of method: ar.edu.unlam.tallerweb2.biblioteca.UserRole.create() is applicable for argument types: (ar.edu.unlam.tallerweb2.biblioteca.User, java.lang.Class, java.lang.Boolean) values: [ar.edu.unlam.tallerweb2.biblioteca.User : 2, ...]
Possible solutions: create(), create(ar.edu.unlam.tallerweb2.biblioteca.User, ar.edu.unlam.tallerweb2.biblioteca.Role, boolean), create(ar.edu.unlam.tallerweb2.biblioteca.User, ar.edu.unlam.tallerweb2.biblioteca.Role), merge(), count(), delete()
	at grails.util.Environment.evaluateEnvironmentSpecificBlock(Environment.java:301)
	at grails.util.Environment.executeForEnvironment(Environment.java:294)
	at grails.util.Environment.executeForCurrentEnvironment(Environment.java:270)
	at java.util.concurrent.FutureTask$Sync.innerRun(FutureTask.java:303)
	at java.util.concurrent.FutureTask.run(FutureTask.java:138)
	at java.util.concurrent.ThreadPoolExecutor$Worker.runTask(ThreadPoolExecutor.java:886)
	at java.util.concurrent.ThreadPoolExecutor$Worker.run(ThreadPoolExecutor.java:908)
	at java.lang.Thread.run(Thread.java:662)
Caused by: groovy.lang.MissingMethodException: No signature of method: ar.edu.unlam.tallerweb2.biblioteca.UserRole.create() is applicable for argument types: (ar.edu.unlam.tallerweb2.biblioteca.User, java.lang.Class, java.lang.Boolean) values: [ar.edu.unlam.tallerweb2.biblioteca.User : 2, ...]
Possible solutions: create(), create(ar.edu.unlam.tallerweb2.biblioteca.User, ar.edu.unlam.tallerweb2.biblioteca.Role, boolean), create(ar.edu.unlam.tallerweb2.biblioteca.User, ar.edu.unlam.tallerweb2.biblioteca.Role), merge(), count(), delete()
	at org.grails.datastore.gorm.GormStaticApi.methodMissing(GormStaticApi.groovy:97)
	at BootStrap$_closure1.doCall(BootStrap.groovy:21)
	... 8 more
2012-11-25 00:44:35,004 [pool-7-thread-1] ERROR StackTrace  - Full Stack Trace:
groovy.lang.MissingMethodException: No signature of method: ar.edu.unlam.tallerweb2.biblioteca.UserRole.create() is applicable for argument types: (ar.edu.unlam.tallerweb2.biblioteca.User, java.lang.Class, java.lang.Boolean) values: [ar.edu.unlam.tallerweb2.biblioteca.User : 2, ...]
Possible solutions: create(), create(ar.edu.unlam.tallerweb2.biblioteca.User, ar.edu.unlam.tallerweb2.biblioteca.Role, boolean), create(ar.edu.unlam.tallerweb2.biblioteca.User, ar.edu.unlam.tallerweb2.biblioteca.Role), merge(), count(), delete()
	at org.grails.datastore.gorm.GormStaticApi.methodMissing(GormStaticApi.groovy:97)
	at BootStrap$_closure1.doCall(BootStrap.groovy:21)
	at grails.util.Environment.evaluateEnvironmentSpecificBlock(Environment.java:301)
	at grails.util.Environment.executeForEnvironment(Environment.java:294)
	at grails.util.Environment.executeForCurrentEnvironment(Environment.java:270)
	at java.util.concurrent.FutureTask$Sync.innerRun(FutureTask.java:303)
	at java.util.concurrent.FutureTask.run(FutureTask.java:138)
	at java.util.concurrent.ThreadPoolExecutor$Worker.runTask(ThreadPoolExecutor.java:886)
	at java.util.concurrent.ThreadPoolExecutor$Worker.run(ThreadPoolExecutor.java:908)
	at java.lang.Thread.run(Thread.java:662)
2012-11-25 00:44:35,008 [pool-7-thread-1] ERROR StackTrace  - Full Stack Trace:
org.codehaus.groovy.runtime.InvokerInvocationException: groovy.lang.MissingMethodException: No signature of method: ar.edu.unlam.tallerweb2.biblioteca.UserRole.create() is applicable for argument types: (ar.edu.unlam.tallerweb2.biblioteca.User, java.lang.Class, java.lang.Boolean) values: [ar.edu.unlam.tallerweb2.biblioteca.User : 2, ...]
Possible solutions: create(), create(ar.edu.unlam.tallerweb2.biblioteca.User, ar.edu.unlam.tallerweb2.biblioteca.Role, boolean), create(ar.edu.unlam.tallerweb2.biblioteca.User, ar.edu.unlam.tallerweb2.biblioteca.Role), merge(), count(), delete()
	at grails.util.Environment.evaluateEnvironmentSpecificBlock(Environment.java:301)
	at grails.util.Environment.executeForEnvironment(Environment.java:294)
	at grails.util.Environment.executeForCurrentEnvironment(Environment.java:270)
	at java.util.concurrent.FutureTask$Sync.innerRun(FutureTask.java:303)
	at java.util.concurrent.FutureTask.run(FutureTask.java:138)
	at java.util.concurrent.ThreadPoolExecutor$Worker.runTask(ThreadPoolExecutor.java:886)
	at java.util.concurrent.ThreadPoolExecutor$Worker.run(ThreadPoolExecutor.java:908)
	at java.lang.Thread.run(Thread.java:662)
Caused by: groovy.lang.MissingMethodException: No signature of method: ar.edu.unlam.tallerweb2.biblioteca.UserRole.create() is applicable for argument types: (ar.edu.unlam.tallerweb2.biblioteca.User, java.lang.Class, java.lang.Boolean) values: [ar.edu.unlam.tallerweb2.biblioteca.User : 2, ...]
Possible solutions: create(), create(ar.edu.unlam.tallerweb2.biblioteca.User, ar.edu.unlam.tallerweb2.biblioteca.Role, boolean), create(ar.edu.unlam.tallerweb2.biblioteca.User, ar.edu.unlam.tallerweb2.biblioteca.Role), merge(), count(), delete()
	at org.grails.datastore.gorm.GormStaticApi.methodMissing(GormStaticApi.groovy:97)
	at BootStrap$_closure1.doCall(BootStrap.groovy:21)
	... 8 more
2012-11-25 01:04:20,635 [http-bio-8080-exec-2] ERROR StackTrace  - Full Stack Trace:
java.lang.IllegalArgumentException: Failed to evaluate expression 'IS_AUTHENTICATED'
	at org.springframework.security.access.expression.ExpressionUtils.evaluateAsBoolean(ExpressionUtils.java:13)
	at org.codehaus.groovy.grails.plugins.springsecurity.WebExpressionVoter.vote(WebExpressionVoter.java:58)
	at org.codehaus.groovy.grails.plugins.springsecurity.AuthenticatedVetoableDecisionManager.checkOtherVoters(AuthenticatedVetoableDecisionManager.java:90)
	at org.codehaus.groovy.grails.plugins.springsecurity.AuthenticatedVetoableDecisionManager.decide(AuthenticatedVetoableDecisionManager.java:44)
	at org.springframework.security.access.intercept.AbstractSecurityInterceptor.beforeInvocation(AbstractSecurityInterceptor.java:204)
	at org.springframework.security.web.access.intercept.FilterSecurityInterceptor.invoke(FilterSecurityInterceptor.java:106)
	at org.springframework.security.web.access.intercept.FilterSecurityInterceptor.doFilter(FilterSecurityInterceptor.java:83)
	at org.springframework.security.web.FilterChainProxy$VirtualFilterChain.doFilter(FilterChainProxy.java:381)
	at org.springframework.security.web.access.ExceptionTranslationFilter.doFilter(ExceptionTranslationFilter.java:97)
	at org.springframework.security.web.FilterChainProxy$VirtualFilterChain.doFilter(FilterChainProxy.java:381)
	at org.springframework.security.web.authentication.AnonymousAuthenticationFilter.doFilter(AnonymousAuthenticationFilter.java:78)
	at org.springframework.security.web.FilterChainProxy$VirtualFilterChain.doFilter(FilterChainProxy.java:381)
	at org.springframework.security.web.authentication.rememberme.RememberMeAuthenticationFilter.doFilter(RememberMeAuthenticationFilter.java:119)
	at org.springframework.security.web.FilterChainProxy$VirtualFilterChain.doFilter(FilterChainProxy.java:381)
	at org.springframework.security.web.servletapi.SecurityContextHolderAwareRequestFilter.doFilter(SecurityContextHolderAwareRequestFilter.java:54)
	at org.springframework.security.web.FilterChainProxy$VirtualFilterChain.doFilter(FilterChainProxy.java:381)
	at org.springframework.security.web.authentication.AbstractAuthenticationProcessingFilter.doFilter(AbstractAuthenticationProcessingFilter.java:187)
	at org.codehaus.groovy.grails.plugins.springsecurity.RequestHolderAuthenticationFilter.doFilter(RequestHolderAuthenticationFilter.java:40)
	at org.springframework.security.web.FilterChainProxy$VirtualFilterChain.doFilter(FilterChainProxy.java:381)
	at org.codehaus.groovy.grails.plugins.springsecurity.MutableLogoutFilter.doFilter(MutableLogoutFilter.java:79)
	at org.springframework.security.web.FilterChainProxy$VirtualFilterChain.doFilter(FilterChainProxy.java:381)
	at org.springframework.security.web.context.SecurityContextPersistenceFilter.doFilter(SecurityContextPersistenceFilter.java:79)
	at org.springframework.security.web.FilterChainProxy$VirtualFilterChain.doFilter(FilterChainProxy.java:381)
	at org.springframework.security.web.FilterChainProxy.doFilter(FilterChainProxy.java:168)
	at org.springframework.web.filter.DelegatingFilterProxy.invokeDelegate(DelegatingFilterProxy.java:346)
	at org.springframework.web.filter.DelegatingFilterProxy.doFilter(DelegatingFilterProxy.java:259)
	at org.apache.catalina.core.ApplicationFilterChain.internalDoFilter(ApplicationFilterChain.java:243)
	at org.apache.catalina.core.ApplicationFilterChain.doFilter(ApplicationFilterChain.java:210)
	at org.codehaus.groovy.grails.web.servlet.mvc.GrailsWebRequestFilter.doFilterInternal(GrailsWebRequestFilter.java:69)
	at org.springframework.web.filter.OncePerRequestFilter.doFilter(OncePerRequestFilter.java:76)
	at org.apache.catalina.core.ApplicationFilterChain.internalDoFilter(ApplicationFilterChain.java:243)
	at org.apache.catalina.core.ApplicationFilterChain.doFilter(ApplicationFilterChain.java:210)
	at org.codehaus.groovy.grails.web.filters.HiddenHttpMethodFilter.doFilterInternal(HiddenHttpMethodFilter.java:69)
	at org.springframework.web.filter.OncePerRequestFilter.doFilter(OncePerRequestFilter.java:76)
	at org.apache.catalina.core.ApplicationFilterChain.internalDoFilter(ApplicationFilterChain.java:243)
	at org.apache.catalina.core.ApplicationFilterChain.doFilter(ApplicationFilterChain.java:210)
	at org.springframework.web.filter.CharacterEncodingFilter.doFilterInternal(CharacterEncodingFilter.java:88)
	at org.springframework.web.filter.OncePerRequestFilter.doFilter(OncePerRequestFilter.java:76)
	at org.springframework.web.filter.DelegatingFilterProxy.invokeDelegate(DelegatingFilterProxy.java:346)
	at org.springframework.web.filter.DelegatingFilterProxy.doFilter(DelegatingFilterProxy.java:259)
	at org.apache.catalina.core.ApplicationFilterChain.internalDoFilter(ApplicationFilterChain.java:243)
	at org.apache.catalina.core.ApplicationFilterChain.doFilter(ApplicationFilterChain.java:210)
	at org.apache.catalina.core.StandardWrapperValve.invoke(StandardWrapperValve.java:225)
	at org.apache.catalina.core.StandardContextValve.invoke(StandardContextValve.java:169)
	at org.apache.catalina.core.StandardHostValve.invoke(StandardHostValve.java:168)
	at org.apache.catalina.valves.ErrorReportValve.invoke(ErrorReportValve.java:98)
	at org.apache.catalina.core.StandardEngineValve.invoke(StandardEngineValve.java:118)
	at org.apache.catalina.connector.CoyoteAdapter.service(CoyoteAdapter.java:407)
	at org.apache.coyote.http11.AbstractHttp11Processor.process(AbstractHttp11Processor.java:999)
	at org.apache.coyote.AbstractProtocol$AbstractConnectionHandler.process(AbstractProtocol.java:565)
	at org.apache.tomcat.util.net.JIoEndpoint$SocketProcessor.run(JIoEndpoint.java:309)
	at java.util.concurrent.ThreadPoolExecutor$Worker.runTask(ThreadPoolExecutor.java:886)
	at java.util.concurrent.ThreadPoolExecutor$Worker.run(ThreadPoolExecutor.java:908)
	at java.lang.Thread.run(Thread.java:662)
Caused by: org.springframework.expression.spel.SpelEvaluationException: EL1008E:(pos 0): Field or property 'IS_AUTHENTICATED' cannot be found on object of type 'org.springframework.security.web.access.expression.WebSecurityExpressionRoot'
	at org.springframework.expression.spel.ast.PropertyOrFieldReference.readProperty(PropertyOrFieldReference.java:208)
	at org.springframework.expression.spel.ast.PropertyOrFieldReference.getValueInternal(PropertyOrFieldReference.java:72)
	at org.springframework.expression.spel.ast.SpelNodeImpl.getTypedValue(SpelNodeImpl.java:102)
	at org.springframework.expression.spel.standard.SpelExpression.getValue(SpelExpression.java:97)
	at org.springframework.security.access.expression.ExpressionUtils.evaluateAsBoolean(ExpressionUtils.java:11)
	... 53 more
2012-11-25 01:04:20,641 [http-bio-8080-exec-2] ERROR StackTrace  - Full Stack Trace:
org.springframework.expression.spel.SpelEvaluationException: EL1008E:(pos 0): Field or property 'IS_AUTHENTICATED' cannot be found on object of type 'org.springframework.security.web.access.expression.WebSecurityExpressionRoot'
	at org.springframework.expression.spel.ast.PropertyOrFieldReference.readProperty(PropertyOrFieldReference.java:208)
	at org.springframework.expression.spel.ast.PropertyOrFieldReference.getValueInternal(PropertyOrFieldReference.java:72)
	at org.springframework.expression.spel.ast.SpelNodeImpl.getTypedValue(SpelNodeImpl.java:102)
	at org.springframework.expression.spel.standard.SpelExpression.getValue(SpelExpression.java:97)
	at org.springframework.security.access.expression.ExpressionUtils.evaluateAsBoolean(ExpressionUtils.java:11)
	at org.codehaus.groovy.grails.plugins.springsecurity.WebExpressionVoter.vote(WebExpressionVoter.java:58)
	at org.codehaus.groovy.grails.plugins.springsecurity.AuthenticatedVetoableDecisionManager.checkOtherVoters(AuthenticatedVetoableDecisionManager.java:90)
	at org.codehaus.groovy.grails.plugins.springsecurity.AuthenticatedVetoableDecisionManager.decide(AuthenticatedVetoableDecisionManager.java:44)
	at org.springframework.security.access.intercept.AbstractSecurityInterceptor.beforeInvocation(AbstractSecurityInterceptor.java:204)
	at org.springframework.security.web.access.intercept.FilterSecurityInterceptor.invoke(FilterSecurityInterceptor.java:106)
	at org.springframework.security.web.access.intercept.FilterSecurityInterceptor.doFilter(FilterSecurityInterceptor.java:83)
	at org.springframework.security.web.FilterChainProxy$VirtualFilterChain.doFilter(FilterChainProxy.java:381)
	at org.springframework.security.web.access.ExceptionTranslationFilter.doFilter(ExceptionTranslationFilter.java:97)
	at org.springframework.security.web.FilterChainProxy$VirtualFilterChain.doFilter(FilterChainProxy.java:381)
	at org.springframework.security.web.authentication.AnonymousAuthenticationFilter.doFilter(AnonymousAuthenticationFilter.java:78)
	at org.springframework.security.web.FilterChainProxy$VirtualFilterChain.doFilter(FilterChainProxy.java:381)
	at org.springframework.security.web.authentication.rememberme.RememberMeAuthenticationFilter.doFilter(RememberMeAuthenticationFilter.java:119)
	at org.springframework.security.web.FilterChainProxy$VirtualFilterChain.doFilter(FilterChainProxy.java:381)
	at org.springframework.security.web.servletapi.SecurityContextHolderAwareRequestFilter.doFilter(SecurityContextHolderAwareRequestFilter.java:54)
	at org.springframework.security.web.FilterChainProxy$VirtualFilterChain.doFilter(FilterChainProxy.java:381)
	at org.springframework.security.web.authentication.AbstractAuthenticationProcessingFilter.doFilter(AbstractAuthenticationProcessingFilter.java:187)
	at org.codehaus.groovy.grails.plugins.springsecurity.RequestHolderAuthenticationFilter.doFilter(RequestHolderAuthenticationFilter.java:40)
	at org.springframework.security.web.FilterChainProxy$VirtualFilterChain.doFilter(FilterChainProxy.java:381)
	at org.codehaus.groovy.grails.plugins.springsecurity.MutableLogoutFilter.doFilter(MutableLogoutFilter.java:79)
	at org.springframework.security.web.FilterChainProxy$VirtualFilterChain.doFilter(FilterChainProxy.java:381)
	at org.springframework.security.web.context.SecurityContextPersistenceFilter.doFilter(SecurityContextPersistenceFilter.java:79)
	at org.springframework.security.web.FilterChainProxy$VirtualFilterChain.doFilter(FilterChainProxy.java:381)
	at org.springframework.security.web.FilterChainProxy.doFilter(FilterChainProxy.java:168)
	at org.springframework.web.filter.DelegatingFilterProxy.invokeDelegate(DelegatingFilterProxy.java:346)
	at org.springframework.web.filter.DelegatingFilterProxy.doFilter(DelegatingFilterProxy.java:259)
	at org.apache.catalina.core.ApplicationFilterChain.internalDoFilter(ApplicationFilterChain.java:243)
	at org.apache.catalina.core.ApplicationFilterChain.doFilter(ApplicationFilterChain.java:210)
	at org.codehaus.groovy.grails.web.servlet.mvc.GrailsWebRequestFilter.doFilterInternal(GrailsWebRequestFilter.java:69)
	at org.springframework.web.filter.OncePerRequestFilter.doFilter(OncePerRequestFilter.java:76)
	at org.apache.catalina.core.ApplicationFilterChain.internalDoFilter(ApplicationFilterChain.java:243)
	at org.apache.catalina.core.ApplicationFilterChain.doFilter(ApplicationFilterChain.java:210)
	at org.codehaus.groovy.grails.web.filters.HiddenHttpMethodFilter.doFilterInternal(HiddenHttpMethodFilter.java:69)
	at org.springframework.web.filter.OncePerRequestFilter.doFilter(OncePerRequestFilter.java:76)
	at org.apache.catalina.core.ApplicationFilterChain.internalDoFilter(ApplicationFilterChain.java:243)
	at org.apache.catalina.core.ApplicationFilterChain.doFilter(ApplicationFilterChain.java:210)
	at org.springframework.web.filter.CharacterEncodingFilter.doFilterInternal(CharacterEncodingFilter.java:88)
	at org.springframework.web.filter.OncePerRequestFilter.doFilter(OncePerRequestFilter.java:76)
	at org.springframework.web.filter.DelegatingFilterProxy.invokeDelegate(DelegatingFilterProxy.java:346)
	at org.springframework.web.filter.DelegatingFilterProxy.doFilter(DelegatingFilterProxy.java:259)
	at org.apache.catalina.core.ApplicationFilterChain.internalDoFilter(ApplicationFilterChain.java:243)
	at org.apache.catalina.core.ApplicationFilterChain.doFilter(ApplicationFilterChain.java:210)
	at org.apache.catalina.core.StandardWrapperValve.invoke(StandardWrapperValve.java:225)
	at org.apache.catalina.core.StandardContextValve.invoke(StandardContextValve.java:169)
	at org.apache.catalina.core.StandardHostValve.invoke(StandardHostValve.java:168)
	at org.apache.catalina.valves.ErrorReportValve.invoke(ErrorReportValve.java:98)
	at org.apache.catalina.core.StandardEngineValve.invoke(StandardEngineValve.java:118)
	at org.apache.catalina.connector.CoyoteAdapter.service(CoyoteAdapter.java:407)
	at org.apache.coyote.http11.AbstractHttp11Processor.process(AbstractHttp11Processor.java:999)
	at org.apache.coyote.AbstractProtocol$AbstractConnectionHandler.process(AbstractProtocol.java:565)
	at org.apache.tomcat.util.net.JIoEndpoint$SocketProcessor.run(JIoEndpoint.java:309)
	at java.util.concurrent.ThreadPoolExecutor$Worker.runTask(ThreadPoolExecutor.java:886)
	at java.util.concurrent.ThreadPoolExecutor$Worker.run(ThreadPoolExecutor.java:908)
	at java.lang.Thread.run(Thread.java:662)
2012-11-25 01:04:20,641 [http-bio-8080-exec-2] ERROR StackTrace  - Full Stack Trace:
java.lang.IllegalArgumentException: Failed to evaluate expression 'IS_AUTHENTICATED'
	at java.util.concurrent.ThreadPoolExecutor$Worker.runTask(ThreadPoolExecutor.java:886)
	at java.util.concurrent.ThreadPoolExecutor$Worker.run(ThreadPoolExecutor.java:908)
	at java.lang.Thread.run(Thread.java:662)
Caused by: org.springframework.expression.spel.SpelEvaluationException: EL1008E:(pos 0): Field or property 'IS_AUTHENTICATED' cannot be found on object of type 'org.springframework.security.web.access.expression.WebSecurityExpressionRoot'
	... 3 more
2012-11-25 01:04:20,720 [http-bio-8080-exec-2] ERROR StackTrace  - Full Stack Trace:
java.lang.IllegalArgumentException: Failed to evaluate expression 'IS_AUTHENTICATED'
	at java.util.concurrent.ThreadPoolExecutor$Worker.runTask(ThreadPoolExecutor.java:886)
	at java.util.concurrent.ThreadPoolExecutor$Worker.run(ThreadPoolExecutor.java:908)
	at java.lang.Thread.run(Thread.java:662)
Caused by: org.springframework.expression.spel.SpelEvaluationException: EL1008E:(pos 0): Field or property 'IS_AUTHENTICATED' cannot be found on object of type 'org.springframework.security.web.access.expression.WebSecurityExpressionRoot'
	... 3 more
2012-11-25 01:04:20,720 [http-bio-8080-exec-2] ERROR StackTrace  - Full Stack Trace:
org.springframework.expression.spel.SpelEvaluationException: EL1008E:(pos 0): Field or property 'IS_AUTHENTICATED' cannot be found on object of type 'org.springframework.security.web.access.expression.WebSecurityExpressionRoot'
	at java.util.concurrent.ThreadPoolExecutor$Worker.runTask(ThreadPoolExecutor.java:886)
	at java.util.concurrent.ThreadPoolExecutor$Worker.run(ThreadPoolExecutor.java:908)
	at java.lang.Thread.run(Thread.java:662)
2012-11-25 01:04:20,720 [http-bio-8080-exec-2] ERROR StackTrace  - Full Stack Trace:
java.lang.IllegalArgumentException: Failed to evaluate expression 'IS_AUTHENTICATED'
	at java.util.concurrent.ThreadPoolExecutor$Worker.runTask(ThreadPoolExecutor.java:886)
	at java.util.concurrent.ThreadPoolExecutor$Worker.run(ThreadPoolExecutor.java:908)
	at java.lang.Thread.run(Thread.java:662)
Caused by: org.springframework.expression.spel.SpelEvaluationException: EL1008E:(pos 0): Field or property 'IS_AUTHENTICATED' cannot be found on object of type 'org.springframework.security.web.access.expression.WebSecurityExpressionRoot'
	... 3 more
2012-11-25 01:59:30,020 [pool-7-thread-1] ERROR StackTrace  - Full Stack Trace:
org.codehaus.groovy.runtime.InvokerInvocationException: groovy.lang.MissingMethodException: No signature of method: ar.edu.unlam.tallerweb2.biblioteca.Libro.save() is applicable for argument types: (java.util.LinkedHashMap) values: [[flush:true]]
Possible solutions: save(), save(boolean), save(java.util.Map), wait(), any(), wait(long)
	at org.codehaus.groovy.reflection.CachedMethod.invoke(CachedMethod.java:97)
	at groovy.lang.MetaMethod.doMethodInvoke(MetaMethod.java:233)
	at groovy.lang.MetaClassImpl.invokeMethod(MetaClassImpl.java:1047)
	at groovy.lang.ExpandoMetaClass.invokeMethod(ExpandoMetaClass.java:1110)
	at groovy.lang.MetaClassImpl.invokeMethod(MetaClassImpl.java:877)
	at groovy.lang.MetaClassImpl.invokeMethod(MetaClassImpl.java:921)
	at groovy.lang.ExpandoMetaClass.invokeMethod(ExpandoMetaClass.java:1110)
	at groovy.lang.MetaClassImpl.invokeMethod(MetaClassImpl.java:877)
	at groovy.lang.Closure.call(Closure.java:412)
	at groovy.lang.Closure.call(Closure.java:406)
	at grails.util.Environment.evaluateEnvironmentSpecificBlock(Environment.java:301)
	at grails.util.Environment.executeForEnvironment(Environment.java:294)
	at grails.util.Environment.executeForCurrentEnvironment(Environment.java:270)
	at org.codehaus.groovy.grails.commons.DefaultGrailsBootstrapClass.callInit(DefaultGrailsBootstrapClass.java:60)
	at org.codehaus.groovy.grails.web.context.GrailsConfigUtils.executeGrailsBootstraps(GrailsConfigUtils.java:74)
	at org.codehaus.groovy.grails.web.context.GrailsContextLoader.initWebApplicationContext(GrailsContextLoader.java:105)
	at org.springframework.web.context.ContextLoaderListener.contextInitialized(ContextLoaderListener.java:111)
	at org.apache.catalina.core.StandardContext.listenerStart(StandardContext.java:4779)
	at org.apache.catalina.core.StandardContext.startInternal(StandardContext.java:5273)
	at org.apache.catalina.util.LifecycleBase.start(LifecycleBase.java:150)
	at org.apache.catalina.core.ContainerBase$StartChild.call(ContainerBase.java:1566)
	at org.apache.catalina.core.ContainerBase$StartChild.call(ContainerBase.java:1556)
	at java.util.concurrent.FutureTask$Sync.innerRun(FutureTask.java:303)
	at java.util.concurrent.FutureTask.run(FutureTask.java:138)
	at java.util.concurrent.ThreadPoolExecutor$Worker.runTask(ThreadPoolExecutor.java:886)
	at java.util.concurrent.ThreadPoolExecutor$Worker.run(ThreadPoolExecutor.java:908)
	at java.lang.Thread.run(Thread.java:662)
Caused by: groovy.lang.MissingMethodException: No signature of method: ar.edu.unlam.tallerweb2.biblioteca.Libro.save() is applicable for argument types: (java.util.LinkedHashMap) values: [[flush:true]]
Possible solutions: save(), save(boolean), save(java.util.Map), wait(), any(), wait(long)
	at sun.reflect.NativeConstructorAccessorImpl.newInstance0(Native Method)
	at sun.reflect.NativeConstructorAccessorImpl.newInstance(NativeConstructorAccessorImpl.java:39)
	at sun.reflect.DelegatingConstructorAccessorImpl.newInstance(DelegatingConstructorAccessorImpl.java:27)
	at java.lang.reflect.Constructor.newInstance(Constructor.java:513)
	at com.springsource.loaded.ri.ReflectiveInterceptor.jlrConstructorNewInstance(ReflectiveInterceptor.java:963)
	at org.codehaus.groovy.reflection.CachedConstructor.invoke(CachedConstructor.java:77)
	at org.codehaus.groovy.runtime.callsite.ConstructorSite$ConstructorSiteNoUnwrapNoCoerce.callConstructor(ConstructorSite.java:102)
	at org.codehaus.groovy.runtime.callsite.CallSiteArray.defaultCallConstructor(CallSiteArray.java:54)
	at org.codehaus.groovy.runtime.callsite.AbstractCallSite.callConstructor(AbstractCallSite.java:182)
	at org.codehaus.groovy.runtime.callsite.AbstractCallSite.callConstructor(AbstractCallSite.java:198)
	at org.grails.datastore.gorm.GormStaticApi.methodMissing(GormStaticApi.groovy:97)
	at ar.edu.unlam.tallerweb2.biblioteca.Libro.$static_methodMissing(Libro.groovy)
	at sun.reflect.NativeMethodAccessorImpl.invoke0(Native Method)
	at sun.reflect.NativeMethodAccessorImpl.invoke(NativeMethodAccessorImpl.java:39)
	at sun.reflect.DelegatingMethodAccessorImpl.invoke(DelegatingMethodAccessorImpl.java:25)
	at java.lang.reflect.Method.invoke(Method.java:597)
	at com.springsource.loaded.ri.ReflectiveInterceptor.jlrMethodInvoke(ReflectiveInterceptor.java:1231)
	at org.codehaus.groovy.reflection.CachedMethod.invoke(CachedMethod.java:90)
	at groovy.lang.MetaClassImpl.invokeStaticMissingMethod(MetaClassImpl.java:1333)
	at groovy.lang.MetaClassImpl.invokeStaticMethod(MetaClassImpl.java:1321)
	at groovy.lang.ExpandoMetaClass.invokeStaticMethod(ExpandoMetaClass.java:1123)
	at org.codehaus.groovy.runtime.callsite.StaticMetaClassSite.call(StaticMetaClassSite.java:50)
	at org.codehaus.groovy.runtime.callsite.CallSiteArray.defaultCall(CallSiteArray.java:42)
	at org.codehaus.groovy.runtime.callsite.AbstractCallSite.call(AbstractCallSite.java:108)
	at org.codehaus.groovy.runtime.callsite.AbstractCallSite.call(AbstractCallSite.java:116)
	at BootStrap$_closure1.doCall(BootStrap.groovy:29)
	at sun.reflect.NativeMethodAccessorImpl.invoke0(Native Method)
	at sun.reflect.NativeMethodAccessorImpl.invoke(NativeMethodAccessorImpl.java:39)
	at sun.reflect.DelegatingMethodAccessorImpl.invoke(DelegatingMethodAccessorImpl.java:25)
	at java.lang.reflect.Method.invoke(Method.java:597)
	at com.springsource.loaded.ri.ReflectiveInterceptor.jlrMethodInvoke(ReflectiveInterceptor.java:1231)
	at org.codehaus.groovy.reflection.CachedMethod.invoke(CachedMethod.java:90)
	... 26 more
2012-11-25 01:59:30,055 [pool-7-thread-1] ERROR StackTrace  - Full Stack Trace:
groovy.lang.MissingMethodException: No signature of method: ar.edu.unlam.tallerweb2.biblioteca.Libro.save() is applicable for argument types: (java.util.LinkedHashMap) values: [[flush:true]]
Possible solutions: save(), save(boolean), save(java.util.Map), wait(), any(), wait(long)
	at sun.reflect.NativeConstructorAccessorImpl.newInstance0(Native Method)
	at sun.reflect.NativeConstructorAccessorImpl.newInstance(NativeConstructorAccessorImpl.java:39)
	at sun.reflect.DelegatingConstructorAccessorImpl.newInstance(DelegatingConstructorAccessorImpl.java:27)
	at java.lang.reflect.Constructor.newInstance(Constructor.java:513)
	at com.springsource.loaded.ri.ReflectiveInterceptor.jlrConstructorNewInstance(ReflectiveInterceptor.java:963)
	at org.codehaus.groovy.reflection.CachedConstructor.invoke(CachedConstructor.java:77)
	at org.codehaus.groovy.runtime.callsite.ConstructorSite$ConstructorSiteNoUnwrapNoCoerce.callConstructor(ConstructorSite.java:102)
	at org.codehaus.groovy.runtime.callsite.CallSiteArray.defaultCallConstructor(CallSiteArray.java:54)
	at org.codehaus.groovy.runtime.callsite.AbstractCallSite.callConstructor(AbstractCallSite.java:182)
	at org.codehaus.groovy.runtime.callsite.AbstractCallSite.callConstructor(AbstractCallSite.java:198)
	at org.grails.datastore.gorm.GormStaticApi.methodMissing(GormStaticApi.groovy:97)
	at ar.edu.unlam.tallerweb2.biblioteca.Libro.$static_methodMissing(Libro.groovy)
	at sun.reflect.NativeMethodAccessorImpl.invoke0(Native Method)
	at sun.reflect.NativeMethodAccessorImpl.invoke(NativeMethodAccessorImpl.java:39)
	at sun.reflect.DelegatingMethodAccessorImpl.invoke(DelegatingMethodAccessorImpl.java:25)
	at java.lang.reflect.Method.invoke(Method.java:597)
	at com.springsource.loaded.ri.ReflectiveInterceptor.jlrMethodInvoke(ReflectiveInterceptor.java:1231)
	at org.codehaus.groovy.reflection.CachedMethod.invoke(CachedMethod.java:90)
	at groovy.lang.MetaClassImpl.invokeStaticMissingMethod(MetaClassImpl.java:1333)
	at groovy.lang.MetaClassImpl.invokeStaticMethod(MetaClassImpl.java:1321)
	at groovy.lang.ExpandoMetaClass.invokeStaticMethod(ExpandoMetaClass.java:1123)
	at org.codehaus.groovy.runtime.callsite.StaticMetaClassSite.call(StaticMetaClassSite.java:50)
	at org.codehaus.groovy.runtime.callsite.CallSiteArray.defaultCall(CallSiteArray.java:42)
	at org.codehaus.groovy.runtime.callsite.AbstractCallSite.call(AbstractCallSite.java:108)
	at org.codehaus.groovy.runtime.callsite.AbstractCallSite.call(AbstractCallSite.java:116)
	at BootStrap$_closure1.doCall(BootStrap.groovy:29)
	at sun.reflect.NativeMethodAccessorImpl.invoke0(Native Method)
	at sun.reflect.NativeMethodAccessorImpl.invoke(NativeMethodAccessorImpl.java:39)
	at sun.reflect.DelegatingMethodAccessorImpl.invoke(DelegatingMethodAccessorImpl.java:25)
	at java.lang.reflect.Method.invoke(Method.java:597)
	at com.springsource.loaded.ri.ReflectiveInterceptor.jlrMethodInvoke(ReflectiveInterceptor.java:1231)
	at org.codehaus.groovy.reflection.CachedMethod.invoke(CachedMethod.java:90)
	at groovy.lang.MetaMethod.doMethodInvoke(MetaMethod.java:233)
	at groovy.lang.MetaClassImpl.invokeMethod(MetaClassImpl.java:1047)
	at groovy.lang.ExpandoMetaClass.invokeMethod(ExpandoMetaClass.java:1110)
	at groovy.lang.MetaClassImpl.invokeMethod(MetaClassImpl.java:877)
	at groovy.lang.MetaClassImpl.invokeMethod(MetaClassImpl.java:921)
	at groovy.lang.ExpandoMetaClass.invokeMethod(ExpandoMetaClass.java:1110)
	at groovy.lang.MetaClassImpl.invokeMethod(MetaClassImpl.java:877)
	at groovy.lang.Closure.call(Closure.java:412)
	at groovy.lang.Closure.call(Closure.java:406)
	at grails.util.Environment.evaluateEnvironmentSpecificBlock(Environment.java:301)
	at grails.util.Environment.executeForEnvironment(Environment.java:294)
	at grails.util.Environment.executeForCurrentEnvironment(Environment.java:270)
	at org.codehaus.groovy.grails.commons.DefaultGrailsBootstrapClass.callInit(DefaultGrailsBootstrapClass.java:60)
	at org.codehaus.groovy.grails.web.context.GrailsConfigUtils.executeGrailsBootstraps(GrailsConfigUtils.java:74)
	at org.codehaus.groovy.grails.web.context.GrailsContextLoader.initWebApplicationContext(GrailsContextLoader.java:105)
	at org.springframework.web.context.ContextLoaderListener.contextInitialized(ContextLoaderListener.java:111)
	at org.apache.catalina.core.StandardContext.listenerStart(StandardContext.java:4779)
	at org.apache.catalina.core.StandardContext.startInternal(StandardContext.java:5273)
	at org.apache.catalina.util.LifecycleBase.start(LifecycleBase.java:150)
	at org.apache.catalina.core.ContainerBase$StartChild.call(ContainerBase.java:1566)
	at org.apache.catalina.core.ContainerBase$StartChild.call(ContainerBase.java:1556)
	at java.util.concurrent.FutureTask$Sync.innerRun(FutureTask.java:303)
	at java.util.concurrent.FutureTask.run(FutureTask.java:138)
	at java.util.concurrent.ThreadPoolExecutor$Worker.runTask(ThreadPoolExecutor.java:886)
	at java.util.concurrent.ThreadPoolExecutor$Worker.run(ThreadPoolExecutor.java:908)
	at java.lang.Thread.run(Thread.java:662)
2012-11-25 01:59:30,067 [pool-7-thread-1] ERROR StackTrace  - Full Stack Trace:
org.codehaus.groovy.runtime.InvokerInvocationException: groovy.lang.MissingMethodException: No signature of method: ar.edu.unlam.tallerweb2.biblioteca.Libro.save() is applicable for argument types: (java.util.LinkedHashMap) values: [[flush:true]]
Possible solutions: save(), save(boolean), save(java.util.Map), wait(), any(), wait(long)
	at grails.util.Environment.evaluateEnvironmentSpecificBlock(Environment.java:301)
	at grails.util.Environment.executeForEnvironment(Environment.java:294)
	at grails.util.Environment.executeForCurrentEnvironment(Environment.java:270)
	at java.util.concurrent.FutureTask$Sync.innerRun(FutureTask.java:303)
	at java.util.concurrent.FutureTask.run(FutureTask.java:138)
	at java.util.concurrent.ThreadPoolExecutor$Worker.runTask(ThreadPoolExecutor.java:886)
	at java.util.concurrent.ThreadPoolExecutor$Worker.run(ThreadPoolExecutor.java:908)
	at java.lang.Thread.run(Thread.java:662)
Caused by: groovy.lang.MissingMethodException: No signature of method: ar.edu.unlam.tallerweb2.biblioteca.Libro.save() is applicable for argument types: (java.util.LinkedHashMap) values: [[flush:true]]
Possible solutions: save(), save(boolean), save(java.util.Map), wait(), any(), wait(long)
	at org.grails.datastore.gorm.GormStaticApi.methodMissing(GormStaticApi.groovy:97)
	at BootStrap$_closure1.doCall(BootStrap.groovy:29)
	... 8 more
2012-11-25 01:59:30,094 [pool-7-thread-1] ERROR StackTrace  - Full Stack Trace:
org.codehaus.groovy.runtime.InvokerInvocationException: groovy.lang.MissingMethodException: No signature of method: ar.edu.unlam.tallerweb2.biblioteca.Libro.save() is applicable for argument types: (java.util.LinkedHashMap) values: [[flush:true]]
Possible solutions: save(), save(boolean), save(java.util.Map), wait(), any(), wait(long)
	at grails.util.Environment.evaluateEnvironmentSpecificBlock(Environment.java:301)
	at grails.util.Environment.executeForEnvironment(Environment.java:294)
	at grails.util.Environment.executeForCurrentEnvironment(Environment.java:270)
	at java.util.concurrent.FutureTask$Sync.innerRun(FutureTask.java:303)
	at java.util.concurrent.FutureTask.run(FutureTask.java:138)
	at java.util.concurrent.ThreadPoolExecutor$Worker.runTask(ThreadPoolExecutor.java:886)
	at java.util.concurrent.ThreadPoolExecutor$Worker.run(ThreadPoolExecutor.java:908)
	at java.lang.Thread.run(Thread.java:662)
Caused by: groovy.lang.MissingMethodException: No signature of method: ar.edu.unlam.tallerweb2.biblioteca.Libro.save() is applicable for argument types: (java.util.LinkedHashMap) values: [[flush:true]]
Possible solutions: save(), save(boolean), save(java.util.Map), wait(), any(), wait(long)
	at org.grails.datastore.gorm.GormStaticApi.methodMissing(GormStaticApi.groovy:97)
	at BootStrap$_closure1.doCall(BootStrap.groovy:29)
	... 8 more
2012-11-25 01:59:30,097 [pool-7-thread-1] ERROR StackTrace  - Full Stack Trace:
groovy.lang.MissingMethodException: No signature of method: ar.edu.unlam.tallerweb2.biblioteca.Libro.save() is applicable for argument types: (java.util.LinkedHashMap) values: [[flush:true]]
Possible solutions: save(), save(boolean), save(java.util.Map), wait(), any(), wait(long)
	at org.grails.datastore.gorm.GormStaticApi.methodMissing(GormStaticApi.groovy:97)
	at BootStrap$_closure1.doCall(BootStrap.groovy:29)
	at grails.util.Environment.evaluateEnvironmentSpecificBlock(Environment.java:301)
	at grails.util.Environment.executeForEnvironment(Environment.java:294)
	at grails.util.Environment.executeForCurrentEnvironment(Environment.java:270)
	at java.util.concurrent.FutureTask$Sync.innerRun(FutureTask.java:303)
	at java.util.concurrent.FutureTask.run(FutureTask.java:138)
	at java.util.concurrent.ThreadPoolExecutor$Worker.runTask(ThreadPoolExecutor.java:886)
	at java.util.concurrent.ThreadPoolExecutor$Worker.run(ThreadPoolExecutor.java:908)
	at java.lang.Thread.run(Thread.java:662)
2012-11-25 01:59:30,099 [pool-7-thread-1] ERROR StackTrace  - Full Stack Trace:
org.codehaus.groovy.runtime.InvokerInvocationException: groovy.lang.MissingMethodException: No signature of method: ar.edu.unlam.tallerweb2.biblioteca.Libro.save() is applicable for argument types: (java.util.LinkedHashMap) values: [[flush:true]]
Possible solutions: save(), save(boolean), save(java.util.Map), wait(), any(), wait(long)
	at grails.util.Environment.evaluateEnvironmentSpecificBlock(Environment.java:301)
	at grails.util.Environment.executeForEnvironment(Environment.java:294)
	at grails.util.Environment.executeForCurrentEnvironment(Environment.java:270)
	at java.util.concurrent.FutureTask$Sync.innerRun(FutureTask.java:303)
	at java.util.concurrent.FutureTask.run(FutureTask.java:138)
	at java.util.concurrent.ThreadPoolExecutor$Worker.runTask(ThreadPoolExecutor.java:886)
	at java.util.concurrent.ThreadPoolExecutor$Worker.run(ThreadPoolExecutor.java:908)
	at java.lang.Thread.run(Thread.java:662)
Caused by: groovy.lang.MissingMethodException: No signature of method: ar.edu.unlam.tallerweb2.biblioteca.Libro.save() is applicable for argument types: (java.util.LinkedHashMap) values: [[flush:true]]
Possible solutions: save(), save(boolean), save(java.util.Map), wait(), any(), wait(long)
	at org.grails.datastore.gorm.GormStaticApi.methodMissing(GormStaticApi.groovy:97)
	at BootStrap$_closure1.doCall(BootStrap.groovy:29)
	... 8 more
